2025-10-13T14:58:53: [dotenv@17.2.2] injecting env (10) from .env -- tip: ⚙️  suppress all logs with { quiet: true }
2025-10-13T14:58:53: [dotenv@17.2.2] injecting env (10) from .env -- tip: ⚙️  suppress all logs with { quiet: true }
2025-10-13T14:58:53: ✅ Pool de conexiones inicializado correctamente
2025-10-13T14:58:53: [INFO ] ✅ Configuración de BD lista
2025-10-13T14:58:53: [INFO ] Servidor BI SESAL escuchando en puerto 4000
2025-10-13T14:58:53: ✅ Pool de conexiones inicializado correctamente
2025-10-13T14:58:53: [INFO ] ✅ Configuración de BD lista
2025-10-13T14:58:53: [INFO ] Servidor BI SESAL escuchando en puerto 4000
2025-10-13T14:59:02: ::1 - - [13/Oct/2025:20:59:02 +0000] "GET /api/pivot/catalogo HTTP/1.1" 200 5864 "-" "curl/8.7.1"
2025-10-13T14:59:43: ::1 - - [13/Oct/2025:20:59:43 +0000] "GET /api/tablero/resumen HTTP/1.1" 200 154 "http://localhost:3001/" "Mozilla/5.0 (Macintosh; Intel Mac OS X 10_15_7) AppleWebKit/605.1.15 (KHTML, like Gecko) Version/26.0.1 Safari/605.1.15"
2025-10-13T14:59:43: ::1 - - [13/Oct/2025:20:59:43 +0000] "GET /api/health/db HTTP/1.1" 304 - "http://localhost:3001/" "Mozilla/5.0 (Macintosh; Intel Mac OS X 10_15_7) AppleWebKit/605.1.15 (KHTML, like Gecko) Version/26.0.1 Safari/605.1.15"
2025-10-13T14:59:43: ::1 - - [13/Oct/2025:20:59:43 +0000] "GET /api/tablero/anios HTTP/1.1" 200 141 "http://localhost:3001/" "Mozilla/5.0 (Macintosh; Intel Mac OS X 10_15_7) AppleWebKit/605.1.15 (KHTML, like Gecko) Version/26.0.1 Safari/605.1.15"
2025-10-13T14:59:44: ::1 - - [13/Oct/2025:20:59:44 +0000] "GET /api/pivot/anios HTTP/1.1" 200 141 "http://localhost:3001/" "Mozilla/5.0 (Macintosh; Intel Mac OS X 10_15_7) AppleWebKit/605.1.15 (KHTML, like Gecko) Version/26.0.1 Safari/605.1.15"
2025-10-13T14:59:45: ::1 - - [13/Oct/2025:20:59:45 +0000] "GET /api/pivot/catalogo HTTP/1.1" 200 - "http://localhost:3001/" "Mozilla/5.0 (Macintosh; Intel Mac OS X 10_15_7) AppleWebKit/605.1.15 (KHTML, like Gecko) Version/26.0.1 Safari/605.1.15"
2025-10-13T14:59:45: ::1 - - [13/Oct/2025:20:59:45 +0000] "GET /api/tablero/mapahonduras HTTP/1.1" 200 - "http://localhost:3001/" "Mozilla/5.0 (Macintosh; Intel Mac OS X 10_15_7) AppleWebKit/605.1.15 (KHTML, like Gecko) Version/26.0.1 Safari/605.1.15"
2025-10-13T14:59:45: ::1 - - [13/Oct/2025:20:59:45 +0000] "GET /api/pivot/dimensiones/REGION/valores?limite=100 HTTP/1.1" 200 - "http://localhost:3001/" "Mozilla/5.0 (Macintosh; Intel Mac OS X 10_15_7) AppleWebKit/605.1.15 (KHTML, like Gecko) Version/26.0.1 Safari/605.1.15"
2025-10-13T14:59:45: ::1 - - [13/Oct/2025:20:59:45 +0000] "GET /api/tablero/anios HTTP/1.1" 200 141 "http://localhost:3001/" "Mozilla/5.0 (Macintosh; Intel Mac OS X 10_15_7) AppleWebKit/605.1.15 (KHTML, like Gecko) Version/26.0.1 Safari/605.1.15"
2025-10-13T14:59:45: ::1 - - [13/Oct/2025:20:59:45 +0000] "GET /api/pivot/dimensiones/CONCEPTO/valores?limite=200 HTTP/1.1" 200 - "http://localhost:3001/" "Mozilla/5.0 (Macintosh; Intel Mac OS X 10_15_7) AppleWebKit/605.1.15 (KHTML, like Gecko) Version/26.0.1 Safari/605.1.15"
2025-10-13T14:59:47: ::1 - - [13/Oct/2025:20:59:47 +0000] "POST /api/pivot/consulta HTTP/1.1" 200 295 "http://localhost:3001/" "Mozilla/5.0 (Macintosh; Intel Mac OS X 10_15_7) AppleWebKit/605.1.15 (KHTML, like Gecko) Version/26.0.1 Safari/605.1.15"
2025-10-13T14:59:51: ::1 - - [13/Oct/2025:20:59:51 +0000] "POST /api/pivot/consulta HTTP/1.1" 200 - "http://localhost:3001/" "Mozilla/5.0 (Macintosh; Intel Mac OS X 10_15_7) AppleWebKit/605.1.15 (KHTML, like Gecko) Version/26.0.1 Safari/605.1.15"
2025-10-13T15:00:13: ::1 - - [13/Oct/2025:21:00:13 +0000] "GET /api/health/db HTTP/1.1" 304 - "http://localhost:3001/" "Mozilla/5.0 (Macintosh; Intel Mac OS X 10_15_7) AppleWebKit/605.1.15 (KHTML, like Gecko) Version/26.0.1 Safari/605.1.15"
2025-10-13T15:00:43: ::1 - - [13/Oct/2025:21:00:43 +0000] "GET /api/health/db HTTP/1.1" 304 - "http://localhost:3001/" "Mozilla/5.0 (Macintosh; Intel Mac OS X 10_15_7) AppleWebKit/605.1.15 (KHTML, like Gecko) Version/26.0.1 Safari/605.1.15"
2025-10-13T15:01:13: ::1 - - [13/Oct/2025:21:01:13 +0000] "GET /api/health/db HTTP/1.1" 304 - "http://localhost:3001/" "Mozilla/5.0 (Macintosh; Intel Mac OS X 10_15_7) AppleWebKit/605.1.15 (KHTML, like Gecko) Version/26.0.1 Safari/605.1.15"
2025-10-13T15:01:43: ::1 - - [13/Oct/2025:21:01:43 +0000] "GET /api/health/db HTTP/1.1" 304 - "http://localhost:3001/" "Mozilla/5.0 (Macintosh; Intel Mac OS X 10_15_7) AppleWebKit/605.1.15 (KHTML, like Gecko) Version/26.0.1 Safari/605.1.15"
2025-10-13T15:02:13: ::1 - - [13/Oct/2025:21:02:13 +0000] "GET /api/health/db HTTP/1.1" 304 - "http://localhost:3001/" "Mozilla/5.0 (Macintosh; Intel Mac OS X 10_15_7) AppleWebKit/605.1.15 (KHTML, like Gecko) Version/26.0.1 Safari/605.1.15"
2025-10-13T15:02:43: ::1 - - [13/Oct/2025:21:02:43 +0000] "GET /api/health/db HTTP/1.1" 304 - "http://localhost:3001/" "Mozilla/5.0 (Macintosh; Intel Mac OS X 10_15_7) AppleWebKit/605.1.15 (KHTML, like Gecko) Version/26.0.1 Safari/605.1.15"
2025-10-13T15:03:22: ::1 - - [13/Oct/2025:21:03:22 +0000] "GET /api/health/db HTTP/1.1" 304 - "http://localhost:3001/" "Mozilla/5.0 (Macintosh; Intel Mac OS X 10_15_7) AppleWebKit/605.1.15 (KHTML, like Gecko) Version/26.0.1 Safari/605.1.15"
2025-10-13T15:03:22: ::1 - - [13/Oct/2025:21:03:22 +0000] "GET /api/health/db HTTP/1.1" 304 - "http://localhost:3001/" "Mozilla/5.0 (Macintosh; Intel Mac OS X 10_15_7) AppleWebKit/605.1.15 (KHTML, like Gecko) Version/26.0.1 Safari/605.1.15"
2025-10-13T15:03:22: ::1 - - [13/Oct/2025:21:03:22 +0000] "GET /api/tablero/anios HTTP/1.1" 200 141 "http://localhost:3001/" "Mozilla/5.0 (Macintosh; Intel Mac OS X 10_15_7) AppleWebKit/605.1.15 (KHTML, like Gecko) Version/26.0.1 Safari/605.1.15"
2025-10-13T15:03:22: ::1 - - [13/Oct/2025:21:03:22 +0000] "GET /api/tablero/resumen HTTP/1.1" 200 154 "http://localhost:3001/" "Mozilla/5.0 (Macintosh; Intel Mac OS X 10_15_7) AppleWebKit/605.1.15 (KHTML, like Gecko) Version/26.0.1 Safari/605.1.15"
2025-10-13T15:03:52: ::1 - - [13/Oct/2025:21:03:52 +0000] "GET /api/health/db HTTP/1.1" 304 - "http://localhost:3001/" "Mozilla/5.0 (Macintosh; Intel Mac OS X 10_15_7) AppleWebKit/605.1.15 (KHTML, like Gecko) Version/26.0.1 Safari/605.1.15"
2025-10-13T15:04:23: ::1 - - [13/Oct/2025:21:04:23 +0000] "GET /api/health/db HTTP/1.1" 304 - "http://localhost:3001/" "Mozilla/5.0 (Macintosh; Intel Mac OS X 10_15_7) AppleWebKit/605.1.15 (KHTML, like Gecko) Version/26.0.1 Safari/605.1.15"
2025-10-13T15:04:38: ::1 - - [13/Oct/2025:21:04:38 +0000] "GET /api/health/db HTTP/1.1" 304 - "http://localhost:3001/" "Mozilla/5.0 (Macintosh; Intel Mac OS X 10_15_7) AppleWebKit/605.1.15 (KHTML, like Gecko) Version/26.0.1 Safari/605.1.15"
2025-10-13T15:04:38: ::1 - - [13/Oct/2025:21:04:38 +0000] "GET /api/tablero/anios HTTP/1.1" 200 141 "http://localhost:3001/" "Mozilla/5.0 (Macintosh; Intel Mac OS X 10_15_7) AppleWebKit/605.1.15 (KHTML, like Gecko) Version/26.0.1 Safari/605.1.15"
2025-10-13T15:04:38: ::1 - - [13/Oct/2025:21:04:38 +0000] "GET /api/tablero/resumen HTTP/1.1" 200 154 "http://localhost:3001/" "Mozilla/5.0 (Macintosh; Intel Mac OS X 10_15_7) AppleWebKit/605.1.15 (KHTML, like Gecko) Version/26.0.1 Safari/605.1.15"
2025-10-13T15:05:08: ::1 - - [13/Oct/2025:21:05:08 +0000] "GET /api/health/db HTTP/1.1" 304 - "http://localhost:3001/" "Mozilla/5.0 (Macintosh; Intel Mac OS X 10_15_7) AppleWebKit/605.1.15 (KHTML, like Gecko) Version/26.0.1 Safari/605.1.15"
2025-10-13T15:05:34: ::1 - - [13/Oct/2025:21:05:34 +0000] "GET /api/health/db HTTP/1.1" 304 - "http://localhost:3001/" "Mozilla/5.0 (Macintosh; Intel Mac OS X 10_15_7) AppleWebKit/605.1.15 (KHTML, like Gecko) Version/26.0.1 Safari/605.1.15"
2025-10-13T15:05:57: ::1 - - [13/Oct/2025:21:05:57 +0000] "GET /api/pivot/anios HTTP/1.1" 200 141 "http://localhost:3001/" "Mozilla/5.0 (Macintosh; Intel Mac OS X 10_15_7) AppleWebKit/605.1.15 (KHTML, like Gecko) Version/26.0.1 Safari/605.1.15"
2025-10-13T15:05:57: ::1 - - [13/Oct/2025:21:05:57 +0000] "GET /api/tablero/mapahonduras HTTP/1.1" 200 - "http://localhost:3001/" "Mozilla/5.0 (Macintosh; Intel Mac OS X 10_15_7) AppleWebKit/605.1.15 (KHTML, like Gecko) Version/26.0.1 Safari/605.1.15"
2025-10-13T15:05:57: ::1 - - [13/Oct/2025:21:05:57 +0000] "GET /api/tablero/anios HTTP/1.1" 200 141 "http://localhost:3001/" "Mozilla/5.0 (Macintosh; Intel Mac OS X 10_15_7) AppleWebKit/605.1.15 (KHTML, like Gecko) Version/26.0.1 Safari/605.1.15"
2025-10-13T15:05:57: ::1 - - [13/Oct/2025:21:05:57 +0000] "GET /api/pivot/dimensiones/REGION/valores?limite=100 HTTP/1.1" 200 - "http://localhost:3001/" "Mozilla/5.0 (Macintosh; Intel Mac OS X 10_15_7) AppleWebKit/605.1.15 (KHTML, like Gecko) Version/26.0.1 Safari/605.1.15"
2025-10-13T15:05:57: ::1 - - [13/Oct/2025:21:05:57 +0000] "GET /api/pivot/catalogo HTTP/1.1" 200 - "http://localhost:3001/" "Mozilla/5.0 (Macintosh; Intel Mac OS X 10_15_7) AppleWebKit/605.1.15 (KHTML, like Gecko) Version/26.0.1 Safari/605.1.15"
2025-10-13T15:05:57: ::1 - - [13/Oct/2025:21:05:57 +0000] "GET /api/pivot/dimensiones/CONCEPTO/valores?limite=200 HTTP/1.1" 200 - "http://localhost:3001/" "Mozilla/5.0 (Macintosh; Intel Mac OS X 10_15_7) AppleWebKit/605.1.15 (KHTML, like Gecko) Version/26.0.1 Safari/605.1.15"
2025-10-13T15:05:59: ::1 - - [13/Oct/2025:21:05:59 +0000] "POST /api/pivot/consulta HTTP/1.1" 200 295 "http://localhost:3001/" "Mozilla/5.0 (Macintosh; Intel Mac OS X 10_15_7) AppleWebKit/605.1.15 (KHTML, like Gecko) Version/26.0.1 Safari/605.1.15"
2025-10-13T15:06:03: ::1 - - [13/Oct/2025:21:06:03 +0000] "POST /api/pivot/consulta HTTP/1.1" 200 - "http://localhost:3001/" "Mozilla/5.0 (Macintosh; Intel Mac OS X 10_15_7) AppleWebKit/605.1.15 (KHTML, like Gecko) Version/26.0.1 Safari/605.1.15"
2025-10-13T15:06:04: ::1 - - [13/Oct/2025:21:06:04 +0000] "GET /api/health/db HTTP/1.1" 304 - "http://localhost:3001/" "Mozilla/5.0 (Macintosh; Intel Mac OS X 10_15_7) AppleWebKit/605.1.15 (KHTML, like Gecko) Version/26.0.1 Safari/605.1.15"
2025-10-13T15:06:34: ::1 - - [13/Oct/2025:21:06:34 +0000] "GET /api/health/db HTTP/1.1" 304 - "http://localhost:3001/" "Mozilla/5.0 (Macintosh; Intel Mac OS X 10_15_7) AppleWebKit/605.1.15 (KHTML, like Gecko) Version/26.0.1 Safari/605.1.15"
2025-10-13T15:07:04: ::1 - - [13/Oct/2025:21:07:04 +0000] "GET /api/health/db HTTP/1.1" 304 - "http://localhost:3001/" "Mozilla/5.0 (Macintosh; Intel Mac OS X 10_15_7) AppleWebKit/605.1.15 (KHTML, like Gecko) Version/26.0.1 Safari/605.1.15"
2025-10-13T15:07:34: ::1 - - [13/Oct/2025:21:07:34 +0000] "GET /api/health/db HTTP/1.1" 304 - "http://localhost:3001/" "Mozilla/5.0 (Macintosh; Intel Mac OS X 10_15_7) AppleWebKit/605.1.15 (KHTML, like Gecko) Version/26.0.1 Safari/605.1.15"
2025-10-13T15:08:04: ::1 - - [13/Oct/2025:21:08:04 +0000] "GET /api/health/db HTTP/1.1" 304 - "http://localhost:3001/" "Mozilla/5.0 (Macintosh; Intel Mac OS X 10_15_7) AppleWebKit/605.1.15 (KHTML, like Gecko) Version/26.0.1 Safari/605.1.15"
2025-10-13T15:08:34: ::1 - - [13/Oct/2025:21:08:34 +0000] "GET /api/health/db HTTP/1.1" 304 - "http://localhost:3001/" "Mozilla/5.0 (Macintosh; Intel Mac OS X 10_15_7) AppleWebKit/605.1.15 (KHTML, like Gecko) Version/26.0.1 Safari/605.1.15"
2025-10-13T15:08:55: ::1 - - [13/Oct/2025:21:08:55 +0000] "GET /api/tablero/anios HTTP/1.1" 200 141 "http://localhost:3001/" "Mozilla/5.0 (Macintosh; Intel Mac OS X 10_15_7) AppleWebKit/605.1.15 (KHTML, like Gecko) Version/26.0.1 Safari/605.1.15"
2025-10-13T15:08:55: ::1 - - [13/Oct/2025:21:08:55 +0000] "GET /api/pivot/dimensiones/CONCEPTO/valores?limite=200 HTTP/1.1" 200 - "http://localhost:3001/" "Mozilla/5.0 (Macintosh; Intel Mac OS X 10_15_7) AppleWebKit/605.1.15 (KHTML, like Gecko) Version/26.0.1 Safari/605.1.15"
2025-10-13T15:08:55: ::1 - - [13/Oct/2025:21:08:55 +0000] "GET /api/pivot/dimensiones/REGION/valores?limite=100 HTTP/1.1" 200 - "http://localhost:3001/" "Mozilla/5.0 (Macintosh; Intel Mac OS X 10_15_7) AppleWebKit/605.1.15 (KHTML, like Gecko) Version/26.0.1 Safari/605.1.15"
2025-10-13T15:08:55: ::1 - - [13/Oct/2025:21:08:55 +0000] "GET /api/pivot/anios HTTP/1.1" 200 141 "http://localhost:3001/" "Mozilla/5.0 (Macintosh; Intel Mac OS X 10_15_7) AppleWebKit/605.1.15 (KHTML, like Gecko) Version/26.0.1 Safari/605.1.15"
2025-10-13T15:08:55: ::1 - - [13/Oct/2025:21:08:55 +0000] "GET /api/tablero/mapahonduras HTTP/1.1" 200 - "http://localhost:3001/" "Mozilla/5.0 (Macintosh; Intel Mac OS X 10_15_7) AppleWebKit/605.1.15 (KHTML, like Gecko) Version/26.0.1 Safari/605.1.15"
2025-10-13T15:08:55: ::1 - - [13/Oct/2025:21:08:55 +0000] "GET /api/pivot/catalogo HTTP/1.1" 200 - "http://localhost:3001/" "Mozilla/5.0 (Macintosh; Intel Mac OS X 10_15_7) AppleWebKit/605.1.15 (KHTML, like Gecko) Version/26.0.1 Safari/605.1.15"
2025-10-13T15:08:57: ::1 - - [13/Oct/2025:21:08:57 +0000] "POST /api/pivot/consulta HTTP/1.1" 200 295 "http://localhost:3001/" "Mozilla/5.0 (Macintosh; Intel Mac OS X 10_15_7) AppleWebKit/605.1.15 (KHTML, like Gecko) Version/26.0.1 Safari/605.1.15"
2025-10-13T15:09:01: ::1 - - [13/Oct/2025:21:09:01 +0000] "POST /api/pivot/consulta HTTP/1.1" 200 - "http://localhost:3001/" "Mozilla/5.0 (Macintosh; Intel Mac OS X 10_15_7) AppleWebKit/605.1.15 (KHTML, like Gecko) Version/26.0.1 Safari/605.1.15"
2025-10-13T15:09:04: ::1 - - [13/Oct/2025:21:09:04 +0000] "GET /api/health/db HTTP/1.1" 304 - "http://localhost:3001/" "Mozilla/5.0 (Macintosh; Intel Mac OS X 10_15_7) AppleWebKit/605.1.15 (KHTML, like Gecko) Version/26.0.1 Safari/605.1.15"
2025-10-13T15:09:34: ::1 - - [13/Oct/2025:21:09:34 +0000] "GET /api/health/db HTTP/1.1" 304 - "http://localhost:3001/" "Mozilla/5.0 (Macintosh; Intel Mac OS X 10_15_7) AppleWebKit/605.1.15 (KHTML, like Gecko) Version/26.0.1 Safari/605.1.15"
2025-10-13T15:09:53: ::1 - - [13/Oct/2025:21:09:53 +0000] "GET /api/tablero/anios HTTP/1.1" 200 141 "http://localhost:3001/" "Mozilla/5.0 (Macintosh; Intel Mac OS X 10_15_7) AppleWebKit/605.1.15 (KHTML, like Gecko) Version/26.0.1 Safari/605.1.15"
2025-10-13T15:09:53: ::1 - - [13/Oct/2025:21:09:53 +0000] "GET /api/tablero/resumen HTTP/1.1" 200 154 "http://localhost:3001/" "Mozilla/5.0 (Macintosh; Intel Mac OS X 10_15_7) AppleWebKit/605.1.15 (KHTML, like Gecko) Version/26.0.1 Safari/605.1.15"
2025-10-13T15:09:53: ::1 - - [13/Oct/2025:21:09:53 +0000] "GET /api/health/db HTTP/1.1" 304 - "http://localhost:3001/" "Mozilla/5.0 (Macintosh; Intel Mac OS X 10_15_7) AppleWebKit/605.1.15 (KHTML, like Gecko) Version/26.0.1 Safari/605.1.15"
2025-10-13T15:09:55: ::1 - - [13/Oct/2025:21:09:55 +0000] "GET /api/pivot/anios HTTP/1.1" 200 141 "http://localhost:3001/" "Mozilla/5.0 (Macintosh; Intel Mac OS X 10_15_7) AppleWebKit/605.1.15 (KHTML, like Gecko) Version/26.0.1 Safari/605.1.15"
2025-10-13T15:09:55: ::1 - - [13/Oct/2025:21:09:55 +0000] "GET /api/tablero/mapahonduras HTTP/1.1" 200 - "http://localhost:3001/" "Mozilla/5.0 (Macintosh; Intel Mac OS X 10_15_7) AppleWebKit/605.1.15 (KHTML, like Gecko) Version/26.0.1 Safari/605.1.15"
2025-10-13T15:09:55: ::1 - - [13/Oct/2025:21:09:55 +0000] "GET /api/tablero/anios HTTP/1.1" 200 141 "http://localhost:3001/" "Mozilla/5.0 (Macintosh; Intel Mac OS X 10_15_7) AppleWebKit/605.1.15 (KHTML, like Gecko) Version/26.0.1 Safari/605.1.15"
2025-10-13T15:09:55: ::1 - - [13/Oct/2025:21:09:55 +0000] "GET /api/pivot/dimensiones/REGION/valores?limite=100 HTTP/1.1" 200 - "http://localhost:3001/" "Mozilla/5.0 (Macintosh; Intel Mac OS X 10_15_7) AppleWebKit/605.1.15 (KHTML, like Gecko) Version/26.0.1 Safari/605.1.15"
2025-10-13T15:09:55: ::1 - - [13/Oct/2025:21:09:55 +0000] "GET /api/pivot/dimensiones/CONCEPTO/valores?limite=200 HTTP/1.1" 200 - "http://localhost:3001/" "Mozilla/5.0 (Macintosh; Intel Mac OS X 10_15_7) AppleWebKit/605.1.15 (KHTML, like Gecko) Version/26.0.1 Safari/605.1.15"
2025-10-13T15:09:55: ::1 - - [13/Oct/2025:21:09:55 +0000] "GET /api/pivot/catalogo HTTP/1.1" 200 - "http://localhost:3001/" "Mozilla/5.0 (Macintosh; Intel Mac OS X 10_15_7) AppleWebKit/605.1.15 (KHTML, like Gecko) Version/26.0.1 Safari/605.1.15"
2025-10-13T15:09:57: ::1 - - [13/Oct/2025:21:09:57 +0000] "POST /api/pivot/consulta HTTP/1.1" 200 295 "http://localhost:3001/" "Mozilla/5.0 (Macintosh; Intel Mac OS X 10_15_7) AppleWebKit/605.1.15 (KHTML, like Gecko) Version/26.0.1 Safari/605.1.15"
2025-10-13T15:09:58: ::1 - - [13/Oct/2025:21:09:58 +0000] "GET /api/tablero/anios HTTP/1.1" 200 141 "http://localhost:3001/" "Mozilla/5.0 (Macintosh; Intel Mac OS X 10_15_7) AppleWebKit/605.1.15 (KHTML, like Gecko) Version/26.0.1 Safari/605.1.15"
2025-10-13T15:09:58: ::1 - - [13/Oct/2025:21:09:58 +0000] "GET /api/pivot/dimensiones/CONCEPTO/valores?limite=200 HTTP/1.1" 200 - "http://localhost:3001/" "Mozilla/5.0 (Macintosh; Intel Mac OS X 10_15_7) AppleWebKit/605.1.15 (KHTML, like Gecko) Version/26.0.1 Safari/605.1.15"
2025-10-13T15:09:58: ::1 - - [13/Oct/2025:21:09:58 +0000] "GET /api/pivot/anios HTTP/1.1" 200 141 "http://localhost:3001/" "Mozilla/5.0 (Macintosh; Intel Mac OS X 10_15_7) AppleWebKit/605.1.15 (KHTML, like Gecko) Version/26.0.1 Safari/605.1.15"
2025-10-13T15:09:58: ::1 - - [13/Oct/2025:21:09:58 +0000] "GET /api/tablero/mapahonduras HTTP/1.1" 200 - "http://localhost:3001/" "Mozilla/5.0 (Macintosh; Intel Mac OS X 10_15_7) AppleWebKit/605.1.15 (KHTML, like Gecko) Version/26.0.1 Safari/605.1.15"
2025-10-13T15:09:58: ::1 - - [13/Oct/2025:21:09:58 +0000] "GET /api/pivot/dimensiones/REGION/valores?limite=100 HTTP/1.1" 200 - "http://localhost:3001/" "Mozilla/5.0 (Macintosh; Intel Mac OS X 10_15_7) AppleWebKit/605.1.15 (KHTML, like Gecko) Version/26.0.1 Safari/605.1.15"
2025-10-13T15:09:58: ::1 - - [13/Oct/2025:21:09:58 +0000] "GET /api/pivot/catalogo HTTP/1.1" 200 - "http://localhost:3001/" "Mozilla/5.0 (Macintosh; Intel Mac OS X 10_15_7) AppleWebKit/605.1.15 (KHTML, like Gecko) Version/26.0.1 Safari/605.1.15"
2025-10-13T15:10:00: ::1 - - [13/Oct/2025:21:10:00 +0000] "POST /api/pivot/consulta HTTP/1.1" 200 295 "http://localhost:3001/" "Mozilla/5.0 (Macintosh; Intel Mac OS X 10_15_7) AppleWebKit/605.1.15 (KHTML, like Gecko) Version/26.0.1 Safari/605.1.15"
2025-10-13T15:10:03: ::1 - - [13/Oct/2025:21:10:03 +0000] "POST /api/pivot/consulta HTTP/1.1" 200 - "http://localhost:3001/" "Mozilla/5.0 (Macintosh; Intel Mac OS X 10_15_7) AppleWebKit/605.1.15 (KHTML, like Gecko) Version/26.0.1 Safari/605.1.15"
2025-10-13T15:10:05: ::1 - - [13/Oct/2025:21:10:05 +0000] "POST /api/pivot/consulta HTTP/1.1" 200 - "http://localhost:3001/" "Mozilla/5.0 (Macintosh; Intel Mac OS X 10_15_7) AppleWebKit/605.1.15 (KHTML, like Gecko) Version/26.0.1 Safari/605.1.15"
2025-10-13T15:10:23: ::1 - - [13/Oct/2025:21:10:23 +0000] "GET /api/health/db HTTP/1.1" 304 - "http://localhost:3001/" "Mozilla/5.0 (Macintosh; Intel Mac OS X 10_15_7) AppleWebKit/605.1.15 (KHTML, like Gecko) Version/26.0.1 Safari/605.1.15"
2025-10-13T15:10:53: ::1 - - [13/Oct/2025:21:10:53 +0000] "GET /api/health/db HTTP/1.1" 304 - "http://localhost:3001/" "Mozilla/5.0 (Macintosh; Intel Mac OS X 10_15_7) AppleWebKit/605.1.15 (KHTML, like Gecko) Version/26.0.1 Safari/605.1.15"
2025-10-13T15:11:23: ::1 - - [13/Oct/2025:21:11:23 +0000] "GET /api/health/db HTTP/1.1" 304 - "http://localhost:3001/" "Mozilla/5.0 (Macintosh; Intel Mac OS X 10_15_7) AppleWebKit/605.1.15 (KHTML, like Gecko) Version/26.0.1 Safari/605.1.15"
2025-10-13T15:11:53: ::1 - - [13/Oct/2025:21:11:53 +0000] "GET /api/health/db HTTP/1.1" 304 - "http://localhost:3001/" "Mozilla/5.0 (Macintosh; Intel Mac OS X 10_15_7) AppleWebKit/605.1.15 (KHTML, like Gecko) Version/26.0.1 Safari/605.1.15"
2025-10-13T15:12:23: ::1 - - [13/Oct/2025:21:12:23 +0000] "GET /api/health/db HTTP/1.1" 304 - "http://localhost:3001/" "Mozilla/5.0 (Macintosh; Intel Mac OS X 10_15_7) AppleWebKit/605.1.15 (KHTML, like Gecko) Version/26.0.1 Safari/605.1.15"
2025-10-13T15:12:37: ::1 - - [13/Oct/2025:21:12:37 +0000] "GET /api/reportes/indicadores-municipales?anio=2025&departamentoId=15&limite=100 HTTP/1.1" 200 190 "http://localhost:3001/" "Mozilla/5.0 (Macintosh; Intel Mac OS X 10_15_7) AppleWebKit/605.1.15 (KHTML, like Gecko) Version/26.0.1 Safari/605.1.15"
2025-10-13T15:12:53: ::1 - - [13/Oct/2025:21:12:53 +0000] "GET /api/health/db HTTP/1.1" 304 - "http://localhost:3001/" "Mozilla/5.0 (Macintosh; Intel Mac OS X 10_15_7) AppleWebKit/605.1.15 (KHTML, like Gecko) Version/26.0.1 Safari/605.1.15"
2025-10-13T15:13:23: ::1 - - [13/Oct/2025:21:13:23 +0000] "GET /api/health/db HTTP/1.1" 304 - "http://localhost:3001/" "Mozilla/5.0 (Macintosh; Intel Mac OS X 10_15_7) AppleWebKit/605.1.15 (KHTML, like Gecko) Version/26.0.1 Safari/605.1.15"
2025-10-13T15:13:25: ::1 - - [13/Oct/2025:21:13:25 +0000] "GET /api/pivot/dimensiones/REGION/valores?limite=100 HTTP/1.1" 200 - "http://localhost:3001/" "Mozilla/5.0 (Macintosh; Intel Mac OS X 10_15_7) AppleWebKit/605.1.15 (KHTML, like Gecko) Version/26.0.1 Safari/605.1.15"
2025-10-13T15:13:25: ::1 - - [13/Oct/2025:21:13:25 +0000] "GET /api/tablero/anios HTTP/1.1" 200 141 "http://localhost:3001/" "Mozilla/5.0 (Macintosh; Intel Mac OS X 10_15_7) AppleWebKit/605.1.15 (KHTML, like Gecko) Version/26.0.1 Safari/605.1.15"
2025-10-13T15:13:25: ::1 - - [13/Oct/2025:21:13:25 +0000] "GET /api/pivot/dimensiones/CONCEPTO/valores?limite=200 HTTP/1.1" 200 - "http://localhost:3001/" "Mozilla/5.0 (Macintosh; Intel Mac OS X 10_15_7) AppleWebKit/605.1.15 (KHTML, like Gecko) Version/26.0.1 Safari/605.1.15"
2025-10-13T15:13:25: ::1 - - [13/Oct/2025:21:13:25 +0000] "GET /api/tablero/mapahonduras HTTP/1.1" 200 - "http://localhost:3001/" "Mozilla/5.0 (Macintosh; Intel Mac OS X 10_15_7) AppleWebKit/605.1.15 (KHTML, like Gecko) Version/26.0.1 Safari/605.1.15"
2025-10-13T15:13:25: ::1 - - [13/Oct/2025:21:13:25 +0000] "GET /api/pivot/anios HTTP/1.1" 200 141 "http://localhost:3001/" "Mozilla/5.0 (Macintosh; Intel Mac OS X 10_15_7) AppleWebKit/605.1.15 (KHTML, like Gecko) Version/26.0.1 Safari/605.1.15"
2025-10-13T15:13:25: ::1 - - [13/Oct/2025:21:13:25 +0000] "GET /api/pivot/catalogo HTTP/1.1" 200 - "http://localhost:3001/" "Mozilla/5.0 (Macintosh; Intel Mac OS X 10_15_7) AppleWebKit/605.1.15 (KHTML, like Gecko) Version/26.0.1 Safari/605.1.15"
2025-10-13T15:13:27: ::1 - - [13/Oct/2025:21:13:27 +0000] "POST /api/pivot/consulta HTTP/1.1" 200 295 "http://localhost:3001/" "Mozilla/5.0 (Macintosh; Intel Mac OS X 10_15_7) AppleWebKit/605.1.15 (KHTML, like Gecko) Version/26.0.1 Safari/605.1.15"
2025-10-13T15:13:30: ::1 - - [13/Oct/2025:21:13:30 +0000] "GET /api/pivot/dimensiones/CONCEPTO/valores?limite=200 HTTP/1.1" 200 - "http://localhost:3001/" "Mozilla/5.0 (Macintosh; Intel Mac OS X 10_15_7) AppleWebKit/605.1.15 (KHTML, like Gecko) Version/26.0.1 Safari/605.1.15"
2025-10-13T15:13:30: ::1 - - [13/Oct/2025:21:13:30 +0000] "GET /api/tablero/anios HTTP/1.1" 200 141 "http://localhost:3001/" "Mozilla/5.0 (Macintosh; Intel Mac OS X 10_15_7) AppleWebKit/605.1.15 (KHTML, like Gecko) Version/26.0.1 Safari/605.1.15"
2025-10-13T15:13:30: ::1 - - [13/Oct/2025:21:13:30 +0000] "GET /api/pivot/dimensiones/REGION/valores?limite=100 HTTP/1.1" 200 - "http://localhost:3001/" "Mozilla/5.0 (Macintosh; Intel Mac OS X 10_15_7) AppleWebKit/605.1.15 (KHTML, like Gecko) Version/26.0.1 Safari/605.1.15"
2025-10-13T15:13:30: ::1 - - [13/Oct/2025:21:13:30 +0000] "GET /api/tablero/mapahonduras HTTP/1.1" 200 - "http://localhost:3001/" "Mozilla/5.0 (Macintosh; Intel Mac OS X 10_15_7) AppleWebKit/605.1.15 (KHTML, like Gecko) Version/26.0.1 Safari/605.1.15"
2025-10-13T15:13:30: ::1 - - [13/Oct/2025:21:13:30 +0000] "GET /api/pivot/anios HTTP/1.1" 200 141 "http://localhost:3001/" "Mozilla/5.0 (Macintosh; Intel Mac OS X 10_15_7) AppleWebKit/605.1.15 (KHTML, like Gecko) Version/26.0.1 Safari/605.1.15"
2025-10-13T15:13:30: ::1 - - [13/Oct/2025:21:13:30 +0000] "GET /api/pivot/catalogo HTTP/1.1" 200 - "http://localhost:3001/" "Mozilla/5.0 (Macintosh; Intel Mac OS X 10_15_7) AppleWebKit/605.1.15 (KHTML, like Gecko) Version/26.0.1 Safari/605.1.15"
2025-10-13T15:13:32: ::1 - - [13/Oct/2025:21:13:32 +0000] "POST /api/pivot/consulta HTTP/1.1" 200 - "http://localhost:3001/" "Mozilla/5.0 (Macintosh; Intel Mac OS X 10_15_7) AppleWebKit/605.1.15 (KHTML, like Gecko) Version/26.0.1 Safari/605.1.15"
2025-10-13T15:13:33: ::1 - - [13/Oct/2025:21:13:33 +0000] "POST /api/pivot/consulta HTTP/1.1" 200 295 "http://localhost:3001/" "Mozilla/5.0 (Macintosh; Intel Mac OS X 10_15_7) AppleWebKit/605.1.15 (KHTML, like Gecko) Version/26.0.1 Safari/605.1.15"
2025-10-13T15:13:38: ::1 - - [13/Oct/2025:21:13:38 +0000] "POST /api/pivot/consulta HTTP/1.1" 200 - "http://localhost:3001/" "Mozilla/5.0 (Macintosh; Intel Mac OS X 10_15_7) AppleWebKit/605.1.15 (KHTML, like Gecko) Version/26.0.1 Safari/605.1.15"
2025-10-13T15:13:53: ::1 - - [13/Oct/2025:21:13:53 +0000] "GET /api/health/db HTTP/1.1" 304 - "http://localhost:3001/" "Mozilla/5.0 (Macintosh; Intel Mac OS X 10_15_7) AppleWebKit/605.1.15 (KHTML, like Gecko) Version/26.0.1 Safari/605.1.15"
2025-10-13T15:14:02: ::1 - - [13/Oct/2025:21:14:02 +0000] "GET /api/pivot/anios HTTP/1.1" 200 141 "http://localhost:3001/" "Mozilla/5.0 (Macintosh; Intel Mac OS X 10_15_7) AppleWebKit/605.1.15 (KHTML, like Gecko) Version/26.0.1 Safari/605.1.15"
2025-10-13T15:14:02: ::1 - - [13/Oct/2025:21:14:02 +0000] "GET /api/pivot/catalogo HTTP/1.1" 200 - "http://localhost:3001/" "Mozilla/5.0 (Macintosh; Intel Mac OS X 10_15_7) AppleWebKit/605.1.15 (KHTML, like Gecko) Version/26.0.1 Safari/605.1.15"
2025-10-13T15:14:03: ::1 - - [13/Oct/2025:21:14:03 +0000] "POST /api/pivot/consulta HTTP/1.1" 200 295 "http://localhost:3001/" "Mozilla/5.0 (Macintosh; Intel Mac OS X 10_15_7) AppleWebKit/605.1.15 (KHTML, like Gecko) Version/26.0.1 Safari/605.1.15"
2025-10-13T15:14:23: ::1 - - [13/Oct/2025:21:14:23 +0000] "GET /api/health/db HTTP/1.1" 304 - "http://localhost:3001/" "Mozilla/5.0 (Macintosh; Intel Mac OS X 10_15_7) AppleWebKit/605.1.15 (KHTML, like Gecko) Version/26.0.1 Safari/605.1.15"
2025-10-13T15:14:53: ::1 - - [13/Oct/2025:21:14:53 +0000] "GET /api/health/db HTTP/1.1" 304 - "http://localhost:3001/" "Mozilla/5.0 (Macintosh; Intel Mac OS X 10_15_7) AppleWebKit/605.1.15 (KHTML, like Gecko) Version/26.0.1 Safari/605.1.15"
2025-10-13T15:15:20: ::1 - - [13/Oct/2025:21:15:20 +0000] "GET /api/tablero/anios HTTP/1.1" 200 141 "http://localhost:3001/" "Mozilla/5.0 (Macintosh; Intel Mac OS X 10_15_7) AppleWebKit/605.1.15 (KHTML, like Gecko) Version/26.0.1 Safari/605.1.15"
2025-10-13T15:15:20: ::1 - - [13/Oct/2025:21:15:20 +0000] "GET /api/pivot/dimensiones/REGION/valores?limite=100 HTTP/1.1" 200 - "http://localhost:3001/" "Mozilla/5.0 (Macintosh; Intel Mac OS X 10_15_7) AppleWebKit/605.1.15 (KHTML, like Gecko) Version/26.0.1 Safari/605.1.15"
2025-10-13T15:15:20: ::1 - - [13/Oct/2025:21:15:20 +0000] "GET /api/pivot/dimensiones/CONCEPTO/valores?limite=200 HTTP/1.1" 200 - "http://localhost:3001/" "Mozilla/5.0 (Macintosh; Intel Mac OS X 10_15_7) AppleWebKit/605.1.15 (KHTML, like Gecko) Version/26.0.1 Safari/605.1.15"
2025-10-13T15:15:20: ::1 - - [13/Oct/2025:21:15:20 +0000] "GET /api/tablero/mapahonduras HTTP/1.1" 200 - "http://localhost:3001/" "Mozilla/5.0 (Macintosh; Intel Mac OS X 10_15_7) AppleWebKit/605.1.15 (KHTML, like Gecko) Version/26.0.1 Safari/605.1.15"
2025-10-13T15:15:20: ::1 - - [13/Oct/2025:21:15:20 +0000] "GET /api/pivot/anios HTTP/1.1" 200 141 "http://localhost:3001/" "Mozilla/5.0 (Macintosh; Intel Mac OS X 10_15_7) AppleWebKit/605.1.15 (KHTML, like Gecko) Version/26.0.1 Safari/605.1.15"
2025-10-13T15:15:20: ::1 - - [13/Oct/2025:21:15:20 +0000] "GET /api/pivot/catalogo HTTP/1.1" 200 - "http://localhost:3001/" "Mozilla/5.0 (Macintosh; Intel Mac OS X 10_15_7) AppleWebKit/605.1.15 (KHTML, like Gecko) Version/26.0.1 Safari/605.1.15"
2025-10-13T15:15:22: ::1 - - [13/Oct/2025:21:15:22 +0000] "POST /api/pivot/consulta HTTP/1.1" 200 295 "http://localhost:3001/" "Mozilla/5.0 (Macintosh; Intel Mac OS X 10_15_7) AppleWebKit/605.1.15 (KHTML, like Gecko) Version/26.0.1 Safari/605.1.15"
2025-10-13T15:15:23: ::1 - - [13/Oct/2025:21:15:23 +0000] "GET /api/health/db HTTP/1.1" 304 - "http://localhost:3001/" "Mozilla/5.0 (Macintosh; Intel Mac OS X 10_15_7) AppleWebKit/605.1.15 (KHTML, like Gecko) Version/26.0.1 Safari/605.1.15"
2025-10-13T15:15:26: ::1 - - [13/Oct/2025:21:15:26 +0000] "POST /api/pivot/consulta HTTP/1.1" 200 - "http://localhost:3001/" "Mozilla/5.0 (Macintosh; Intel Mac OS X 10_15_7) AppleWebKit/605.1.15 (KHTML, like Gecko) Version/26.0.1 Safari/605.1.15"
2025-10-13T15:15:53: ::1 - - [13/Oct/2025:21:15:53 +0000] "GET /api/health/db HTTP/1.1" 304 - "http://localhost:3001/" "Mozilla/5.0 (Macintosh; Intel Mac OS X 10_15_7) AppleWebKit/605.1.15 (KHTML, like Gecko) Version/26.0.1 Safari/605.1.15"
2025-10-13T15:16:02: ::1 - - [13/Oct/2025:21:16:02 +0000] "GET /api/reportes/indicadores-municipales?anio=2025&departamentoId=15&limite=100 HTTP/1.1" 200 190 "http://localhost:3001/" "Mozilla/5.0 (Macintosh; Intel Mac OS X 10_15_7) AppleWebKit/605.1.15 (KHTML, like Gecko) Version/26.0.1 Safari/605.1.15"
2025-10-13T15:16:23: ::1 - - [13/Oct/2025:21:16:23 +0000] "GET /api/health/db HTTP/1.1" 304 - "http://localhost:3001/" "Mozilla/5.0 (Macintosh; Intel Mac OS X 10_15_7) AppleWebKit/605.1.15 (KHTML, like Gecko) Version/26.0.1 Safari/605.1.15"
2025-10-13T15:16:53: ::1 - - [13/Oct/2025:21:16:53 +0000] "GET /api/health/db HTTP/1.1" 304 - "http://localhost:3001/" "Mozilla/5.0 (Macintosh; Intel Mac OS X 10_15_7) AppleWebKit/605.1.15 (KHTML, like Gecko) Version/26.0.1 Safari/605.1.15"
2025-10-13T15:17:23: ::1 - - [13/Oct/2025:21:17:23 +0000] "GET /api/health/db HTTP/1.1" 304 - "http://localhost:3001/" "Mozilla/5.0 (Macintosh; Intel Mac OS X 10_15_7) AppleWebKit/605.1.15 (KHTML, like Gecko) Version/26.0.1 Safari/605.1.15"
2025-10-13T15:17:53: ::1 - - [13/Oct/2025:21:17:53 +0000] "GET /api/health/db HTTP/1.1" 304 - "http://localhost:3001/" "Mozilla/5.0 (Macintosh; Intel Mac OS X 10_15_7) AppleWebKit/605.1.15 (KHTML, like Gecko) Version/26.0.1 Safari/605.1.15"
2025-10-13T15:17:53: ::1 - - [13/Oct/2025:21:17:53 +0000] "GET /api/tablero/anios HTTP/1.1" 200 141 "http://localhost:3001/" "Mozilla/5.0 (Macintosh; Intel Mac OS X 10_15_7) AppleWebKit/605.1.15 (KHTML, like Gecko) Version/26.0.1 Safari/605.1.15"
2025-10-13T15:17:53: ::1 - - [13/Oct/2025:21:17:53 +0000] "GET /api/pivot/dimensiones/REGION/valores?limite=100 HTTP/1.1" 200 - "http://localhost:3001/" "Mozilla/5.0 (Macintosh; Intel Mac OS X 10_15_7) AppleWebKit/605.1.15 (KHTML, like Gecko) Version/26.0.1 Safari/605.1.15"
2025-10-13T15:17:53: ::1 - - [13/Oct/2025:21:17:53 +0000] "GET /api/pivot/dimensiones/CONCEPTO/valores?limite=200 HTTP/1.1" 200 - "http://localhost:3001/" "Mozilla/5.0 (Macintosh; Intel Mac OS X 10_15_7) AppleWebKit/605.1.15 (KHTML, like Gecko) Version/26.0.1 Safari/605.1.15"
2025-10-13T15:17:59: ::1 - - [13/Oct/2025:21:17:59 +0000] "POST /api/pivot/consulta HTTP/1.1" 200 - "http://localhost:3001/" "Mozilla/5.0 (Macintosh; Intel Mac OS X 10_15_7) AppleWebKit/605.1.15 (KHTML, like Gecko) Version/26.0.1 Safari/605.1.15"
2025-10-13T15:18:23: ::1 - - [13/Oct/2025:21:18:23 +0000] "GET /api/health/db HTTP/1.1" 304 - "http://localhost:3001/" "Mozilla/5.0 (Macintosh; Intel Mac OS X 10_15_7) AppleWebKit/605.1.15 (KHTML, like Gecko) Version/26.0.1 Safari/605.1.15"
2025-10-13T15:18:53: ::1 - - [13/Oct/2025:21:18:53 +0000] "GET /api/health/db HTTP/1.1" 304 - "http://localhost:3001/" "Mozilla/5.0 (Macintosh; Intel Mac OS X 10_15_7) AppleWebKit/605.1.15 (KHTML, like Gecko) Version/26.0.1 Safari/605.1.15"
2025-10-13T15:18:56: ::1 - - [13/Oct/2025:21:18:56 +0000] "GET /api/reportes/indicadores-municipales?anio=2025&departamentoId=18&limite=100 HTTP/1.1" 200 191 "http://localhost:3001/" "Mozilla/5.0 (Macintosh; Intel Mac OS X 10_15_7) AppleWebKit/605.1.15 (KHTML, like Gecko) Version/26.0.1 Safari/605.1.15"
2025-10-13T15:19:23: ::1 - - [13/Oct/2025:21:19:23 +0000] "GET /api/health/db HTTP/1.1" 304 - "http://localhost:3001/" "Mozilla/5.0 (Macintosh; Intel Mac OS X 10_15_7) AppleWebKit/605.1.15 (KHTML, like Gecko) Version/26.0.1 Safari/605.1.15"
2025-10-13T15:19:53: ::1 - - [13/Oct/2025:21:19:53 +0000] "GET /api/health/db HTTP/1.1" 304 - "http://localhost:3001/" "Mozilla/5.0 (Macintosh; Intel Mac OS X 10_15_7) AppleWebKit/605.1.15 (KHTML, like Gecko) Version/26.0.1 Safari/605.1.15"
2025-10-13T15:20:23: ::1 - - [13/Oct/2025:21:20:23 +0000] "GET /api/health/db HTTP/1.1" 304 - "http://localhost:3001/" "Mozilla/5.0 (Macintosh; Intel Mac OS X 10_15_7) AppleWebKit/605.1.15 (KHTML, like Gecko) Version/26.0.1 Safari/605.1.15"
2025-10-13T15:20:30: ::1 - - [13/Oct/2025:21:20:30 +0000] "POST /api/pivot/consulta HTTP/1.1" 200 - "http://localhost:3001/" "Mozilla/5.0 (Macintosh; Intel Mac OS X 10_15_7) AppleWebKit/605.1.15 (KHTML, like Gecko) Version/26.0.1 Safari/605.1.15"
2025-10-13T15:20:53: ::1 - - [13/Oct/2025:21:20:53 +0000] "GET /api/health/db HTTP/1.1" 304 - "http://localhost:3001/" "Mozilla/5.0 (Macintosh; Intel Mac OS X 10_15_7) AppleWebKit/605.1.15 (KHTML, like Gecko) Version/26.0.1 Safari/605.1.15"
2025-10-13T15:21:23: ::1 - - [13/Oct/2025:21:21:23 +0000] "GET /api/health/db HTTP/1.1" 304 - "http://localhost:3001/" "Mozilla/5.0 (Macintosh; Intel Mac OS X 10_15_7) AppleWebKit/605.1.15 (KHTML, like Gecko) Version/26.0.1 Safari/605.1.15"
2025-10-13T15:21:53: ::1 - - [13/Oct/2025:21:21:53 +0000] "GET /api/health/db HTTP/1.1" 304 - "http://localhost:3001/" "Mozilla/5.0 (Macintosh; Intel Mac OS X 10_15_7) AppleWebKit/605.1.15 (KHTML, like Gecko) Version/26.0.1 Safari/605.1.15"
2025-10-13T15:22:23: ::1 - - [13/Oct/2025:21:22:23 +0000] "GET /api/health/db HTTP/1.1" 304 - "http://localhost:3001/" "Mozilla/5.0 (Macintosh; Intel Mac OS X 10_15_7) AppleWebKit/605.1.15 (KHTML, like Gecko) Version/26.0.1 Safari/605.1.15"
2025-10-13T15:22:53: ::1 - - [13/Oct/2025:21:22:53 +0000] "GET /api/health/db HTTP/1.1" 304 - "http://localhost:3001/" "Mozilla/5.0 (Macintosh; Intel Mac OS X 10_15_7) AppleWebKit/605.1.15 (KHTML, like Gecko) Version/26.0.1 Safari/605.1.15"
2025-10-13T15:23:23: ::1 - - [13/Oct/2025:21:23:23 +0000] "GET /api/health/db HTTP/1.1" 304 - "http://localhost:3001/" "Mozilla/5.0 (Macintosh; Intel Mac OS X 10_15_7) AppleWebKit/605.1.15 (KHTML, like Gecko) Version/26.0.1 Safari/605.1.15"
2025-10-13T15:23:46: ::1 - - [13/Oct/2025:21:23:46 +0000] "POST /api/pivot/consulta HTTP/1.1" 200 - "http://localhost:3001/" "Mozilla/5.0 (Macintosh; Intel Mac OS X 10_15_7) AppleWebKit/605.1.15 (KHTML, like Gecko) Version/26.0.1 Safari/605.1.15"
2025-10-13T15:23:53: ::1 - - [13/Oct/2025:21:23:53 +0000] "GET /api/health/db HTTP/1.1" 304 - "http://localhost:3001/" "Mozilla/5.0 (Macintosh; Intel Mac OS X 10_15_7) AppleWebKit/605.1.15 (KHTML, like Gecko) Version/26.0.1 Safari/605.1.15"
2025-10-13T15:24:23: ::1 - - [13/Oct/2025:21:24:23 +0000] "GET /api/health/db HTTP/1.1" 304 - "http://localhost:3001/" "Mozilla/5.0 (Macintosh; Intel Mac OS X 10_15_7) AppleWebKit/605.1.15 (KHTML, like Gecko) Version/26.0.1 Safari/605.1.15"
2025-10-13T15:24:25: ::1 - - [13/Oct/2025:21:24:25 +0000] "GET /api/health/db HTTP/1.1" 304 - "http://localhost:3001/" "Mozilla/5.0 (Macintosh; Intel Mac OS X 10_15_7) AppleWebKit/605.1.15 (KHTML, like Gecko) Version/26.0.1 Safari/605.1.15"
2025-10-13T15:24:25: ::1 - - [13/Oct/2025:21:24:25 +0000] "GET /api/tablero/anios HTTP/1.1" 200 141 "http://localhost:3001/" "Mozilla/5.0 (Macintosh; Intel Mac OS X 10_15_7) AppleWebKit/605.1.15 (KHTML, like Gecko) Version/26.0.1 Safari/605.1.15"
2025-10-13T15:24:25: ::1 - - [13/Oct/2025:21:24:25 +0000] "GET /api/tablero/resumen HTTP/1.1" 200 154 "http://localhost:3001/" "Mozilla/5.0 (Macintosh; Intel Mac OS X 10_15_7) AppleWebKit/605.1.15 (KHTML, like Gecko) Version/26.0.1 Safari/605.1.15"
2025-10-13T15:24:27: ::1 - - [13/Oct/2025:21:24:27 +0000] "GET /api/pivot/anios HTTP/1.1" 200 141 "http://localhost:3001/" "Mozilla/5.0 (Macintosh; Intel Mac OS X 10_15_7) AppleWebKit/605.1.15 (KHTML, like Gecko) Version/26.0.1 Safari/605.1.15"
2025-10-13T15:24:27: ::1 - - [13/Oct/2025:21:24:27 +0000] "GET /api/tablero/anios HTTP/1.1" 200 141 "http://localhost:3001/" "Mozilla/5.0 (Macintosh; Intel Mac OS X 10_15_7) AppleWebKit/605.1.15 (KHTML, like Gecko) Version/26.0.1 Safari/605.1.15"
2025-10-13T15:24:27: ::1 - - [13/Oct/2025:21:24:27 +0000] "GET /api/tablero/mapahonduras HTTP/1.1" 200 - "http://localhost:3001/" "Mozilla/5.0 (Macintosh; Intel Mac OS X 10_15_7) AppleWebKit/605.1.15 (KHTML, like Gecko) Version/26.0.1 Safari/605.1.15"
2025-10-13T15:24:27: ::1 - - [13/Oct/2025:21:24:27 +0000] "GET /api/pivot/dimensiones/REGION/valores?limite=100 HTTP/1.1" 200 - "http://localhost:3001/" "Mozilla/5.0 (Macintosh; Intel Mac OS X 10_15_7) AppleWebKit/605.1.15 (KHTML, like Gecko) Version/26.0.1 Safari/605.1.15"
2025-10-13T15:24:27: ::1 - - [13/Oct/2025:21:24:27 +0000] "GET /api/pivot/dimensiones/CONCEPTO/valores?limite=200 HTTP/1.1" 200 - "http://localhost:3001/" "Mozilla/5.0 (Macintosh; Intel Mac OS X 10_15_7) AppleWebKit/605.1.15 (KHTML, like Gecko) Version/26.0.1 Safari/605.1.15"
2025-10-13T15:24:27: ::1 - - [13/Oct/2025:21:24:27 +0000] "GET /api/pivot/catalogo HTTP/1.1" 200 - "http://localhost:3001/" "Mozilla/5.0 (Macintosh; Intel Mac OS X 10_15_7) AppleWebKit/605.1.15 (KHTML, like Gecko) Version/26.0.1 Safari/605.1.15"
2025-10-13T15:24:29: ::1 - - [13/Oct/2025:21:24:29 +0000] "POST /api/pivot/consulta HTTP/1.1" 200 295 "http://localhost:3001/" "Mozilla/5.0 (Macintosh; Intel Mac OS X 10_15_7) AppleWebKit/605.1.15 (KHTML, like Gecko) Version/26.0.1 Safari/605.1.15"
2025-10-13T15:24:33: ::1 - - [13/Oct/2025:21:24:33 +0000] "POST /api/pivot/consulta HTTP/1.1" 200 - "http://localhost:3001/" "Mozilla/5.0 (Macintosh; Intel Mac OS X 10_15_7) AppleWebKit/605.1.15 (KHTML, like Gecko) Version/26.0.1 Safari/605.1.15"
2025-10-13T15:24:55: ::1 - - [13/Oct/2025:21:24:55 +0000] "GET /api/health/db HTTP/1.1" 304 - "http://localhost:3001/" "Mozilla/5.0 (Macintosh; Intel Mac OS X 10_15_7) AppleWebKit/605.1.15 (KHTML, like Gecko) Version/26.0.1 Safari/605.1.15"
2025-10-13T15:25:16: ::1 - - [13/Oct/2025:21:25:16 +0000] "GET /api/tablero/anios HTTP/1.1" 200 141 "http://localhost:3001/" "Mozilla/5.0 (Macintosh; Intel Mac OS X 10_15_7) AppleWebKit/605.1.15 (KHTML, like Gecko) Version/26.0.1 Safari/605.1.15"
2025-10-13T15:25:16: ::1 - - [13/Oct/2025:21:25:16 +0000] "GET /api/pivot/dimensiones/REGION/valores?limite=100 HTTP/1.1" 200 - "http://localhost:3001/" "Mozilla/5.0 (Macintosh; Intel Mac OS X 10_15_7) AppleWebKit/605.1.15 (KHTML, like Gecko) Version/26.0.1 Safari/605.1.15"
2025-10-13T15:25:16: ::1 - - [13/Oct/2025:21:25:16 +0000] "GET /api/pivot/dimensiones/CONCEPTO/valores?limite=200 HTTP/1.1" 200 - "http://localhost:3001/" "Mozilla/5.0 (Macintosh; Intel Mac OS X 10_15_7) AppleWebKit/605.1.15 (KHTML, like Gecko) Version/26.0.1 Safari/605.1.15"
2025-10-13T15:25:22: ::1 - - [13/Oct/2025:21:25:22 +0000] "POST /api/pivot/consulta HTTP/1.1" 200 - "http://localhost:3001/" "Mozilla/5.0 (Macintosh; Intel Mac OS X 10_15_7) AppleWebKit/605.1.15 (KHTML, like Gecko) Version/26.0.1 Safari/605.1.15"
2025-10-13T15:25:25: ::1 - - [13/Oct/2025:21:25:25 +0000] "GET /api/health/db HTTP/1.1" 304 - "http://localhost:3001/" "Mozilla/5.0 (Macintosh; Intel Mac OS X 10_15_7) AppleWebKit/605.1.15 (KHTML, like Gecko) Version/26.0.1 Safari/605.1.15"
2025-10-13T15:25:55: ::1 - - [13/Oct/2025:21:25:55 +0000] "GET /api/health/db HTTP/1.1" 304 - "http://localhost:3001/" "Mozilla/5.0 (Macintosh; Intel Mac OS X 10_15_7) AppleWebKit/605.1.15 (KHTML, like Gecko) Version/26.0.1 Safari/605.1.15"
2025-10-13T15:26:25: ::1 - - [13/Oct/2025:21:26:25 +0000] "GET /api/health/db HTTP/1.1" 304 - "http://localhost:3001/" "Mozilla/5.0 (Macintosh; Intel Mac OS X 10_15_7) AppleWebKit/605.1.15 (KHTML, like Gecko) Version/26.0.1 Safari/605.1.15"
2025-10-13T15:26:55: ::1 - - [13/Oct/2025:21:26:55 +0000] "GET /api/health/db HTTP/1.1" 304 - "http://localhost:3001/" "Mozilla/5.0 (Macintosh; Intel Mac OS X 10_15_7) AppleWebKit/605.1.15 (KHTML, like Gecko) Version/26.0.1 Safari/605.1.15"
2025-10-13T15:27:25: ::1 - - [13/Oct/2025:21:27:25 +0000] "GET /api/health/db HTTP/1.1" 304 - "http://localhost:3001/" "Mozilla/5.0 (Macintosh; Intel Mac OS X 10_15_7) AppleWebKit/605.1.15 (KHTML, like Gecko) Version/26.0.1 Safari/605.1.15"
2025-10-13T15:27:55: ::1 - - [13/Oct/2025:21:27:55 +0000] "GET /api/health/db HTTP/1.1" 304 - "http://localhost:3001/" "Mozilla/5.0 (Macintosh; Intel Mac OS X 10_15_7) AppleWebKit/605.1.15 (KHTML, like Gecko) Version/26.0.1 Safari/605.1.15"
2025-10-13T15:28:25: ::1 - - [13/Oct/2025:21:28:25 +0000] "GET /api/health/db HTTP/1.1" 304 - "http://localhost:3001/" "Mozilla/5.0 (Macintosh; Intel Mac OS X 10_15_7) AppleWebKit/605.1.15 (KHTML, like Gecko) Version/26.0.1 Safari/605.1.15"
2025-10-13T15:28:55: ::1 - - [13/Oct/2025:21:28:55 +0000] "GET /api/health/db HTTP/1.1" 304 - "http://localhost:3001/" "Mozilla/5.0 (Macintosh; Intel Mac OS X 10_15_7) AppleWebKit/605.1.15 (KHTML, like Gecko) Version/26.0.1 Safari/605.1.15"
2025-10-13T15:29:25: ::1 - - [13/Oct/2025:21:29:25 +0000] "GET /api/health/db HTTP/1.1" 304 - "http://localhost:3001/" "Mozilla/5.0 (Macintosh; Intel Mac OS X 10_15_7) AppleWebKit/605.1.15 (KHTML, like Gecko) Version/26.0.1 Safari/605.1.15"
2025-10-13T15:29:55: ::1 - - [13/Oct/2025:21:29:55 +0000] "GET /api/health/db HTTP/1.1" 304 - "http://localhost:3001/" "Mozilla/5.0 (Macintosh; Intel Mac OS X 10_15_7) AppleWebKit/605.1.15 (KHTML, like Gecko) Version/26.0.1 Safari/605.1.15"
2025-10-13T15:30:26: ::1 - - [13/Oct/2025:21:30:26 +0000] "GET /api/health/db HTTP/1.1" 304 - "http://localhost:3001/" "Mozilla/5.0 (Macintosh; Intel Mac OS X 10_15_7) AppleWebKit/605.1.15 (KHTML, like Gecko) Version/26.0.1 Safari/605.1.15"
2025-10-13T15:30:56: ::1 - - [13/Oct/2025:21:30:56 +0000] "GET /api/health/db HTTP/1.1" 304 - "http://localhost:3001/" "Mozilla/5.0 (Macintosh; Intel Mac OS X 10_15_7) AppleWebKit/605.1.15 (KHTML, like Gecko) Version/26.0.1 Safari/605.1.15"
2025-10-13T15:31:49: ::1 - - [13/Oct/2025:21:31:49 +0000] "GET /api/health/db HTTP/1.1" 304 - "http://localhost:3001/" "Mozilla/5.0 (Macintosh; Intel Mac OS X 10_15_7) AppleWebKit/605.1.15 (KHTML, like Gecko) Version/26.0.1 Safari/605.1.15"
2025-10-13T15:33:28: ::1 - - [13/Oct/2025:21:33:28 +0000] "GET /api/health/db HTTP/1.1" 304 - "http://localhost:3001/" "Mozilla/5.0 (Macintosh; Intel Mac OS X 10_15_7) AppleWebKit/605.1.15 (KHTML, like Gecko) Version/26.0.1 Safari/605.1.15"
2025-10-13T15:34:10: ::1 - - [13/Oct/2025:21:34:10 +0000] "GET /api/health/db HTTP/1.1" 304 - "http://localhost:3001/" "Mozilla/5.0 (Macintosh; Intel Mac OS X 10_15_7) AppleWebKit/605.1.15 (KHTML, like Gecko) Version/26.0.1 Safari/605.1.15"
2025-10-13T15:36:39: ::1 - - [13/Oct/2025:21:36:39 +0000] "GET /api/health/db HTTP/1.1" 304 - "http://localhost:3001/" "Mozilla/5.0 (Macintosh; Intel Mac OS X 10_15_7) AppleWebKit/605.1.15 (KHTML, like Gecko) Version/26.0.1 Safari/605.1.15"
2025-10-13T16:36:15: ::1 - - [13/Oct/2025:22:36:15 +0000] "GET /api/health/db HTTP/1.1" 304 - "http://localhost:3001/" "Mozilla/5.0 (Macintosh; Intel Mac OS X 10_15_7) AppleWebKit/605.1.15 (KHTML, like Gecko) Version/26.0.1 Safari/605.1.15"
2025-10-13T16:36:45: ::1 - - [13/Oct/2025:22:36:45 +0000] "GET /api/health/db HTTP/1.1" 304 - "http://localhost:3001/" "Mozilla/5.0 (Macintosh; Intel Mac OS X 10_15_7) AppleWebKit/605.1.15 (KHTML, like Gecko) Version/26.0.1 Safari/605.1.15"
2025-10-13T16:37:17: ::1 - - [13/Oct/2025:22:37:17 +0000] "GET /api/health/db HTTP/1.1" 304 - "http://localhost:3001/" "Mozilla/5.0 (Macintosh; Intel Mac OS X 10_15_7) AppleWebKit/605.1.15 (KHTML, like Gecko) Version/26.0.1 Safari/605.1.15"
2025-10-13T16:38:00: ::1 - - [13/Oct/2025:22:38:00 +0000] "GET /api/health/db HTTP/1.1" 304 - "http://localhost:3001/" "Mozilla/5.0 (Macintosh; Intel Mac OS X 10_15_7) AppleWebKit/605.1.15 (KHTML, like Gecko) Version/26.0.1 Safari/605.1.15"
2025-10-13T16:39:03: ::1 - - [13/Oct/2025:22:39:03 +0000] "GET /api/health/db HTTP/1.1" 304 - "http://localhost:3001/" "Mozilla/5.0 (Macintosh; Intel Mac OS X 10_15_7) AppleWebKit/605.1.15 (KHTML, like Gecko) Version/26.0.1 Safari/605.1.15"
2025-10-13T16:39:46: ::1 - - [13/Oct/2025:22:39:46 +0000] "GET /api/health/db HTTP/1.1" 304 - "http://localhost:3001/" "Mozilla/5.0 (Macintosh; Intel Mac OS X 10_15_7) AppleWebKit/605.1.15 (KHTML, like Gecko) Version/26.0.1 Safari/605.1.15"
2025-10-13T16:42:06: ::1 - - [13/Oct/2025:22:42:06 +0000] "GET /api/health/db HTTP/1.1" 304 - "http://localhost:3001/" "Mozilla/5.0 (Macintosh; Intel Mac OS X 10_15_7) AppleWebKit/605.1.15 (KHTML, like Gecko) Version/26.0.1 Safari/605.1.15"
2025-10-13T17:43:38: ::1 - - [13/Oct/2025:23:43:38 +0000] "GET /api/health/db HTTP/1.1" 304 - "http://localhost:3001/" "Mozilla/5.0 (Macintosh; Intel Mac OS X 10_15_7) AppleWebKit/605.1.15 (KHTML, like Gecko) Version/26.0.1 Safari/605.1.15"
